#
# A fatal error has been detected by the Java Runtime Environment:
#
#  EXCEPTION_ACCESS_VIOLATION (0xc0000005) at pc=0x00007fffbab038d4, pid=6968, tid=0x0000000000000548
#
# JRE version: Java(TM) SE Runtime Environment (8.0_271-b09) (build 1.8.0_271-b09)
# Java VM: Java HotSpot(TM) 64-Bit Server VM (25.271-b09 mixed mode windows-amd64 compressed oops)
# Problematic frame:
# C  [ntdll.dll+0x338d4]
#
# Failed to write core dump. Minidumps are not enabled by default on client versions of Windows
#
# If you would like to submit a bug report, please visit:
#   http://bugreport.java.com/bugreport/crash.jsp
# The crash happened outside the Java Virtual Machine in native code.
# See problematic frame for where to report the bug.
#

---------------  T H R E A D  ---------------

Current thread (0x00000261ddc8e800):  JavaThread "Timer-0" [_thread_in_native, id=1352, stack(0x000000fc82a00000,0x000000fc82b00000)]

siginfo: ExceptionCode=0xc0000005, reading address 0x00000261dea412c0

Registers:
RAX=0x0000000000000000, RBX=0x0000000000000000, RCX=0x000000fc82afea90, RDX=0x00000261dea412c0
RSP=0x000000fc82afea48, RBP=0x000000fc82afeab0, RSI=0x0000000040000000, RDI=0x0000000000000007
R8 =0x0000000000000007, R9 =0x0000000000000000, R10=0x0000000000002000, R11=0x00000261dea412c0
R12=0x0000000000000000, R13=0x00000261de865340, R14=0x000000fc82aff0c0, R15=0x00000261ddc8e800
RIP=0x00007fffbab038d4, EFLAGS=0x0000000000010256

Top of Stack: (sp=0x000000fc82afea48)
0x000000fc82afea48:   00007fffb86f779d 0000000000000000
0x000000fc82afea58:   0000000000000000 0000000000000000
0x000000fc82afea68:   0000000000000000 0000000000000000
0x000000fc82afea78:   0000000000000000 0000000000000000
0x000000fc82afea88:   000000000000001d 0000000000000000
0x000000fc82afea98:   00000261dea412c0 000000fc82afebd8
0x000000fc82afeaa8:   00000261deb6c8ac 000000fc82afeca0
0x000000fc82afeab8:   00007fff9a43a3d0 00000261de865340
0x000000fc82afeac8:   0000000000000002 0000000000000016
0x000000fc82afead8:   000000fc82afeb58 000000fc00000002
0x000000fc82afeae8:   000000fc00000080 0000000000000000
0x000000fc82afeaf8:   0000000000000000 000000fc82afebd8
0x000000fc82afeb08:   00007fff9a46cde2 00000261de865340
0x000000fc82afeb18:   000000000000001d 000000fc82afebe0
0x000000fc82afeb28:   0000026100000008 0000000000000000
0x000000fc82afeb38:   000000fc82afeb58 000000fc82afeb54 

Instructions: (pc=0x00007fffbab038d4)
0x00007fffbab038b4:   cc cc cc cc cc cc cc cc cc cc cc cc 48 83 21 00
0x00007fffbab038c4:   48 89 51 08 48 85 d2 74 1f 48 83 c8 ff 48 ff c0
0x00007fffbab038d4:   80 3c 02 00 75 f7 48 3d fe ff 00 00 77 0e 66 89
0x00007fffbab038e4:   01 66 ff c0 66 89 41 02 33 c0 c3 cc b8 06 01 00 


Register to memory mapping:

RAX=0x0000000000000000 is an unknown value
RBX=0x0000000000000000 is an unknown value
RCX=0x000000fc82afea90 is pointing into the stack for thread: 0x00000261ddc8e800
RDX=0x00000261dea412c0 is an unknown value
RSP=0x000000fc82afea48 is pointing into the stack for thread: 0x00000261ddc8e800
RBP=0x000000fc82afeab0 is pointing into the stack for thread: 0x00000261ddc8e800
RSI=0x0000000040000000 is an unknown value
RDI=0x0000000000000007 is an unknown value
R8 =0x0000000000000007 is an unknown value
R9 =0x0000000000000000 is an unknown value
R10=0x0000000000002000 is an unknown value
R11=0x00000261dea412c0 is an unknown value
R12=0x0000000000000000 is an unknown value
R13={method} {0x00000261de865348} 'invokeInt' '(I[Ljava/lang/Object;)I' in 'com/sun/jna/Function'
R14=0x000000fc82aff0c0 is pointing into the stack for thread: 0x00000261ddc8e800
R15=0x00000261ddc8e800 is a thread


Stack: [0x000000fc82a00000,0x000000fc82b00000],  sp=0x000000fc82afea48,  free space=1018k
Native frames: (J=compiled Java code, j=interpreted, Vv=VM code, C=native code)
C  [ntdll.dll+0x338d4]

Java frames: (J=compiled Java code, j=interpreted, Vv=VM code)
j  com.sun.jna.Function.invokeInt(I[Ljava/lang/Object;)I+0
j  com.sun.jna.Function.invoke([Ljava/lang/Object;Ljava/lang/Class;)Ljava/lang/Object;+90
j  com.sun.jna.Function.invoke(Ljava/lang/Class;[Ljava/lang/Object;Ljava/util/Map;)Ljava/lang/Object;+194
j  com.sun.jna.Library$Handler.invoke(Ljava/lang/Object;Ljava/lang/reflect/Method;[Ljava/lang/Object;)Ljava/lang/Object;+344
j  com.sun.proxy.$Proxy7.NET_DVR_CaptureJPEGPicture(Lcom/sun/jna/NativeLong;Lcom/sun/jna/NativeLong;Lcom/demo/HCNetSDK$NET_DVR_JPEGPARA;Ljava/lang/String;)Z+29
j  com.demo.Task.run()V+624
j  java.util.TimerThread.mainLoop()V+221
j  java.util.TimerThread.run()V+1
v  ~StubRoutines::call_stub

---------------  P R O C E S S  ---------------

Java Threads: ( => current thread )
  0x00000261dcc3d800 JavaThread "SIGINT handler" daemon [_thread_blocked, id=5016, stack(0x000000fc82300000,0x000000fc82400000)]
  0x00000261c94ce800 JavaThread "DestroyJavaVM" [_thread_blocked, id=7848, stack(0x000000fc81b00000,0x000000fc81c00000)]
=>0x00000261ddc8e800 JavaThread "Timer-0" [_thread_in_native, id=1352, stack(0x000000fc82a00000,0x000000fc82b00000)]
  0x00000261dd417000 JavaThread "Service Thread" daemon [_thread_blocked, id=8028, stack(0x000000fc82800000,0x000000fc82900000)]
  0x00000261dd3ec000 JavaThread "C1 CompilerThread1" daemon [_thread_blocked, id=8240, stack(0x000000fc82700000,0x000000fc82800000)]
  0x00000261dcd1e800 JavaThread "C2 CompilerThread0" daemon [_thread_blocked, id=2500, stack(0x000000fc82600000,0x000000fc82700000)]
  0x00000261dcc40800 JavaThread "JDWP Event Helper Thread" daemon [_thread_blocked, id=9076, stack(0x000000fc82400000,0x000000fc82500000)]
  0x00000261dcc29800 JavaThread "Attach Listener" daemon [_thread_blocked, id=4564, stack(0x000000fc82200000,0x000000fc82300000)]
  0x00000261dcbd6000 JavaThread "Signal Dispatcher" daemon [_thread_blocked, id=5024, stack(0x000000fc82100000,0x000000fc82200000)]
  0x00000261dc6d9000 JavaThread "Finalizer" daemon [_thread_blocked, id=3584, stack(0x000000fc82000000,0x000000fc82100000)]
  0x00000261dcba4000 JavaThread "Reference Handler" daemon [_thread_blocked, id=9156, stack(0x000000fc81f00000,0x000000fc82000000)]

Other Threads:
  0x00000261dc6d2800 VMThread [stack: 0x000000fc81e00000,0x000000fc81f00000] [id=3684]

VM state:at safepoint (normal execution)

VM Mutex/Monitor currently owned by a thread:  ([mutex/lock_event])
[0x00000261c94cd480] Threads_lock - owner thread: 0x00000261dc6d2800

heap address: 0x00000000d0400000, size: 764 MB, Compressed Oops mode: 32-bit
Narrow klass base: 0x0000000000000000, Narrow klass shift: 3
Compressed class space size: 1073741824 Address: 0x0000000100000000

Heap:
 PSYoungGen      total 14336K, used 11607K [0x00000000f0180000, 0x00000000f1680000, 0x0000000100000000)
  eden space 12288K, 77% used [0x00000000f0180000,0x00000000f0ad7e48,0x00000000f0d80000)
  from space 2048K, 99% used [0x00000000f0d80000,0x00000000f0f7e010,0x00000000f0f80000)
  to   space 4608K, 0% used [0x00000000f1200000,0x00000000f1200000,0x00000000f1680000)
 ParOldGen       total 32768K, used 5398K [0x00000000d0400000, 0x00000000d2400000, 0x00000000f0180000)
  object space 32768K, 16% used [0x00000000d0400000,0x00000000d09459f0,0x00000000d2400000)
 Metaspace       used 15502K, capacity 16186K, committed 16256K, reserved 1062912K
  class space    used 1950K, capacity 2107K, committed 2176K, reserved 1048576K

Card table byte_map: [0x00000261da2f0000,0x00000261da470000] byte_map_base: 0x00000261d9c6e000

Marking Bits: (ParMarkBitMap*) 0x0000000069c67fe0
 Begin Bits: [0x00000261da470000, 0x00000261db060000)
 End Bits:   [0x00000261db060000, 0x00000261dbc50000)

Polling page: 0x00000261c9480000

CodeCache: size=245760Kb used=4836Kb max_used=4836Kb free=240923Kb
 bounds [0x00000261caf30000, 0x00000261cb3f0000, 0x00000261d9f30000]
 total_blobs=1742 nmethods=1383 adapters=280
 compilation: enabled

Compilation events (10 events):
Event: 27.675 Thread 0x00000261dd3ec000 1378       1       org.springframework.beans.factory.support.RootBeanDefinition::getDecoratedDefinition (5 bytes)
Event: 27.675 Thread 0x00000261dd3ec000 nmethod 1378 0x00000261cb3e7010 code [0x00000261cb3e7160, 0x00000261cb3e7278]
Event: 27.676 Thread 0x00000261dd3ec000 1379       1       java.util.logging.Logger::getName (5 bytes)
Event: 27.676 Thread 0x00000261dd3ec000 nmethod 1379 0x00000261cb3e6d50 code [0x00000261cb3e6ea0, 0x00000261cb3e6fb8]
Event: 27.677 Thread 0x00000261dd3ec000 1381       3       java.lang.Class::isAnonymousClass (10 bytes)
Event: 27.677 Thread 0x00000261dd3ec000 nmethod 1381 0x00000261cb3e6850 code [0x00000261cb3e69c0, 0x00000261cb3e6ca0]
Event: 27.677 Thread 0x00000261dd3ec000 1382       3       java.lang.invoke.LambdaForm::returnType (26 bytes)
Event: 27.677 Thread 0x00000261dd3ec000 nmethod 1382 0x00000261cb3e6410 code [0x00000261cb3e6580, 0x00000261cb3e6758]
Event: 27.679 Thread 0x00000261dd3ec000 1383   !   3       java.util.concurrent.ConcurrentHashMap::replaceNode (416 bytes)
Event: 27.681 Thread 0x00000261dd3ec000 nmethod 1383 0x00000261cb3eae90 code [0x00000261cb3eb1a0, 0x00000261cb3ecfb0]

GC Heap History (10 events):
Event: 1.489 GC heap before
{Heap before GC invocations=1 (full 0):
 PSYoungGen      total 14336K, used 12288K [0x00000000f0180000, 0x00000000f1180000, 0x0000000100000000)
  eden space 12288K, 100% used [0x00000000f0180000,0x00000000f0d80000,0x00000000f0d80000)
  from space 2048K, 0% used [0x00000000f0f80000,0x00000000f0f80000,0x00000000f1180000)
  to   space 2048K, 0% used [0x00000000f0d80000,0x00000000f0d80000,0x00000000f0f80000)
 ParOldGen       total 32768K, used 0K [0x00000000d0400000, 0x00000000d2400000, 0x00000000f0180000)
  object space 32768K, 0% used [0x00000000d0400000,0x00000000d0400000,0x00000000d2400000)
 Metaspace       used 5871K, capacity 5994K, committed 6144K, reserved 1056768K
  class space    used 617K, capacity 647K, committed 768K, reserved 1048576K
Event: 1.492 GC heap after
Heap after GC invocations=1 (full 0):
 PSYoungGen      total 14336K, used 2032K [0x00000000f0180000, 0x00000000f1180000, 0x0000000100000000)
  eden space 12288K, 0% used [0x00000000f0180000,0x00000000f0180000,0x00000000f0d80000)
  from space 2048K, 99% used [0x00000000f0d80000,0x00000000f0f7c358,0x00000000f0f80000)
  to   space 2048K, 0% used [0x00000000f0f80000,0x00000000f0f80000,0x00000000f1180000)
 ParOldGen       total 32768K, used 262K [0x00000000d0400000, 0x00000000d2400000, 0x00000000f0180000)
  object space 32768K, 0% used [0x00000000d0400000,0x00000000d0441b50,0x00000000d2400000)
 Metaspace       used 5871K, capacity 5994K, committed 6144K, reserved 1056768K
  class space    used 617K, capacity 647K, committed 768K, reserved 1048576K
}
Event: 2.046 GC heap before
{Heap before GC invocations=2 (full 0):
 PSYoungGen      total 14336K, used 14320K [0x00000000f0180000, 0x00000000f1180000, 0x0000000100000000)
  eden space 12288K, 100% used [0x00000000f0180000,0x00000000f0d80000,0x00000000f0d80000)
  from space 2048K, 99% used [0x00000000f0d80000,0x00000000f0f7c358,0x00000000f0f80000)
  to   space 2048K, 0% used [0x00000000f0f80000,0x00000000f0f80000,0x00000000f1180000)
 ParOldGen       total 32768K, used 262K [0x00000000d0400000, 0x00000000d2400000, 0x00000000f0180000)
  object space 32768K, 0% used [0x00000000d0400000,0x00000000d0441b50,0x00000000d2400000)
 Metaspace       used 8278K, capacity 8540K, committed 8704K, reserved 1056768K
  class space    used 954K, capacity 1024K, committed 1024K, reserved 1048576K
Event: 2.050 GC heap after
Heap after GC invocations=2 (full 0):
 PSYoungGen      total 14336K, used 2043K [0x00000000f0180000, 0x00000000f1180000, 0x0000000100000000)
  eden space 12288K, 0% used [0x00000000f0180000,0x00000000f0180000,0x00000000f0d80000)
  from space 2048K, 99% used [0x00000000f0f80000,0x00000000f117ef18,0x00000000f1180000)
  to   space 2048K, 0% used [0x00000000f0d80000,0x00000000f0d80000,0x00000000f0f80000)
 ParOldGen       total 32768K, used 1128K [0x00000000d0400000, 0x00000000d2400000, 0x00000000f0180000)
  object space 32768K, 3% used [0x00000000d0400000,0x00000000d051a1f0,0x00000000d2400000)
 Metaspace       used 8278K, capacity 8540K, committed 8704K, reserved 1056768K
  class space    used 954K, capacity 1024K, committed 1024K, reserved 1048576K
}
Event: 3.086 GC heap before
{Heap before GC invocations=3 (full 0):
 PSYoungGen      total 14336K, used 14331K [0x00000000f0180000, 0x00000000f1180000, 0x0000000100000000)
  eden space 12288K, 100% used [0x00000000f0180000,0x00000000f0d80000,0x00000000f0d80000)
  from space 2048K, 99% used [0x00000000f0f80000,0x00000000f117ef18,0x00000000f1180000)
  to   space 2048K, 0% used [0x00000000f0d80000,0x00000000f0d80000,0x00000000f0f80000)
 ParOldGen       total 32768K, used 1128K [0x00000000d0400000, 0x00000000d2400000, 0x00000000f0180000)
  object space 32768K, 3% used [0x00000000d0400000,0x00000000d051a1f0,0x00000000d2400000)
 Metaspace       used 10362K, capacity 10794K, committed 10880K, reserved 1058816K
  class space    used 1214K, capacity 1325K, committed 1408K, reserved 1048576K
Event: 3.093 GC heap after
Heap after GC invocations=3 (full 0):
 PSYoungGen      total 14336K, used 2040K [0x00000000f0180000, 0x00000000f1180000, 0x0000000100000000)
  eden space 12288K, 0% used [0x00000000f0180000,0x00000000f0180000,0x00000000f0d80000)
  from space 2048K, 99% used [0x00000000f0d80000,0x00000000f0f7e010,0x00000000f0f80000)
  to   space 2048K, 0% used [0x00000000f0f80000,0x00000000f0f80000,0x00000000f1180000)
 ParOldGen       total 32768K, used 2473K [0x00000000d0400000, 0x00000000d2400000, 0x00000000f0180000)
  object space 32768K, 7% used [0x00000000d0400000,0x00000000d066a508,0x00000000d2400000)
 Metaspace       used 10362K, capacity 10794K, committed 10880K, reserved 1058816K
  class space    used 1214K, capacity 1325K, committed 1408K, reserved 1048576K
}
Event: 3.443 GC heap before
{Heap before GC invocations=4 (full 0):
 PSYoungGen      total 14336K, used 14328K [0x00000000f0180000, 0x00000000f1180000, 0x0000000100000000)
  eden space 12288K, 100% used [0x00000000f0180000,0x00000000f0d80000,0x00000000f0d80000)
  from space 2048K, 99% used [0x00000000f0d80000,0x00000000f0f7e010,0x00000000f0f80000)
  to   space 2048K, 0% used [0x00000000f0f80000,0x00000000f0f80000,0x00000000f1180000)
 ParOldGen       total 32768K, used 2473K [0x00000000d0400000, 0x00000000d2400000, 0x00000000f0180000)
  object space 32768K, 7% used [0x00000000d0400000,0x00000000d066a508,0x00000000d2400000)
 Metaspace       used 11991K, capacity 12550K, committed 12928K, reserved 1060864K
  class space    used 1450K, capacity 1573K, committed 1664K, reserved 1048576K
Event: 3.451 GC heap after
Heap after GC invocations=4 (full 0):
 PSYoungGen      total 14336K, used 2040K [0x00000000f0180000, 0x00000000f1180000, 0x0000000100000000)
  eden space 12288K, 0% used [0x00000000f0180000,0x00000000f0180000,0x00000000f0d80000)
  from space 2048K, 99% used [0x00000000f0f80000,0x00000000f117e010,0x00000000f1180000)
  to   space 2048K, 0% used [0x00000000f0d80000,0x00000000f0d80000,0x00000000f0f80000)
 ParOldGen       total 32768K, used 3924K [0x00000000d0400000, 0x00000000d2400000, 0x00000000f0180000)
  object space 32768K, 11% used [0x00000000d0400000,0x00000000d07d51a0,0x00000000d2400000)
 Metaspace       used 11991K, capacity 12550K, committed 12928K, reserved 1060864K
  class space    used 1450K, capacity 1573K, committed 1664K, reserved 1048576K
}
Event: 3.913 GC heap before
{Heap before GC invocations=5 (full 0):
 PSYoungGen      total 14336K, used 14328K [0x00000000f0180000, 0x00000000f1180000, 0x0000000100000000)
  eden space 12288K, 100% used [0x00000000f0180000,0x00000000f0d80000,0x00000000f0d80000)
  from space 2048K, 99% used [0x00000000f0f80000,0x00000000f117e010,0x00000000f1180000)
  to   space 2048K, 0% used [0x00000000f0d80000,0x00000000f0d80000,0x00000000f0f80000)
 ParOldGen       total 32768K, used 3924K [0x00000000d0400000, 0x00000000d2400000, 0x00000000f0180000)
  object space 32768K, 11% used [0x00000000d0400000,0x00000000d07d51a0,0x00000000d2400000)
 Metaspace       used 13675K, capacity 14304K, committed 14464K, reserved 1062912K
  class space    used 1697K, capacity 1844K, committed 1920K, reserved 1048576K
Event: 3.917 GC heap after
Heap after GC invocations=5 (full 0):
 PSYoungGen      total 14336K, used 2040K [0x00000000f0180000, 0x00000000f1680000, 0x0000000100000000)
  eden space 12288K, 0% used [0x00000000f0180000,0x00000000f0180000,0x00000000f0d80000)
  from space 2048K, 99% used [0x00000000f0d80000,0x00000000f0f7e010,0x00000000f0f80000)
  to   space 4608K, 0% used [0x00000000f1200000,0x00000000f1200000,0x00000000f1680000)
 ParOldGen       total 32768K, used 5398K [0x00000000d0400000, 0x00000000d2400000, 0x00000000f0180000)
  object space 32768K, 16% used [0x00000000d0400000,0x00000000d09459f0,0x00000000d2400000)
 Metaspace       used 13675K, capacity 14304K, committed 14464K, reserved 1062912K
  class space    used 1697K, capacity 1844K, committed 1920K, reserved 1048576K
}

Deoptimization events (10 events):
Event: 1.989 Thread 0x00000261c94ce800 Uncommon trap: reason=unstable_if action=reinterpret pc=0x00000261cb0d8420 method=java.lang.String.indexOf([CII[CIII)I @ 3
Event: 2.035 Thread 0x00000261c94ce800 Uncommon trap: reason=range_check action=make_not_entrant pc=0x00000261cb1ff8cc method=sun.reflect.generics.parser.SignatureParser.current()C @ 34
Event: 3.731 Thread 0x00000261c94ce800 Uncommon trap: reason=unstable_if action=reinterpret pc=0x00000261cb1ff284 method=java.util.HashMap.hash(Ljava/lang/Object;)I @ 1
Event: 3.843 Thread 0x00000261c94ce800 Uncommon trap: reason=unstable_if action=reinterpret pc=0x00000261cb299844 method=java.util.HashMap.getNode(ILjava/lang/Object;)Ljava/util/HashMap$Node; @ 129
Event: 4.050 Thread 0x00000261ddc8e800 Uncommon trap: reason=unstable_if action=reinterpret pc=0x00000261cb267ec4 method=java.io.WinNTFileSystem.normalize(Ljava/lang/String;)Ljava/lang/String; @ 128
Event: 4.066 Thread 0x00000261ddc8e800 Uncommon trap: reason=unstable_if action=reinterpret pc=0x00000261cb06d0b8 method=sun.nio.cs.UTF_8$Encoder.encode([CII[B)I @ 33
Event: 4.198 Thread 0x00000261ddc8e800 Uncommon trap: reason=class_check action=maybe_recompile pc=0x00000261cb374e48 method=java.util.HashMap.putVal(ILjava/lang/Object;Ljava/lang/Object;ZZ)Ljava/lang/Object; @ 203
Event: 4.199 Thread 0x00000261ddc8e800 Uncommon trap: reason=class_check action=maybe_recompile pc=0x00000261cb374e48 method=java.util.HashMap.putVal(ILjava/lang/Object;Ljava/lang/Object;ZZ)Ljava/lang/Object; @ 203
Event: 4.199 Thread 0x00000261ddc8e800 Uncommon trap: reason=class_check action=maybe_recompile pc=0x00000261cb374e48 method=java.util.HashMap.putVal(ILjava/lang/Object;Ljava/lang/Object;ZZ)Ljava/lang/Object; @ 203
Event: 4.201 Thread 0x00000261ddc8e800 Uncommon trap: reason=class_check action=maybe_recompile pc=0x00000261cb374e48 method=java.util.HashMap.putVal(ILjava/lang/Object;Ljava/lang/Object;ZZ)Ljava/lang/Object; @ 203

Classes redefined (0 events):
No events

Internal exceptions (10 events):
Event: 3.847 Thread 0x00000261c94ce800 Exception <a 'java/lang/ClassNotFoundException': org/springframework/beans/factory/support/BeanDefinitionRegistryPostProcessorCustomizer> (0x00000000f0a155e8) thrown at [C:\jenkins\workspace\8-2-build-windows-amd64-cygwin\jdk8u271\605\hotspot\src\share\vm
Event: 3.847 Thread 0x00000261c94ce800 Exception <a 'java/lang/ClassNotFoundException': org/springframework/beans/factory/config/BeanFactoryPostProcessorCustomizer> (0x00000000f0a23d10) thrown at [C:\jenkins\workspace\8-2-build-windows-amd64-cygwin\jdk8u271\605\hotspot\src\share\vm\classfile\s
Event: 3.848 Thread 0x00000261c94ce800 Exception <a 'java/lang/ClassNotFoundException': org/springframework/core/PriorityOrderedCustomizer> (0x00000000f0a2ed70) thrown at [C:\jenkins\workspace\8-2-build-windows-amd64-cygwin\jdk8u271\605\hotspot\src\share\vm\classfile\systemDictionary.cpp, line
Event: 3.849 Thread 0x00000261c94ce800 Exception <a 'java/lang/ClassNotFoundException': org/springframework/core/OrderedCustomizer> (0x00000000f0a37f78) thrown at [C:\jenkins\workspace\8-2-build-windows-amd64-cygwin\jdk8u271\605\hotspot\src\share\vm\classfile\systemDictionary.cpp, line 212]
Event: 3.850 Thread 0x00000261c94ce800 Exception <a 'java/lang/ClassNotFoundException': org/springframework/context/ResourceLoaderAwareCustomizer> (0x00000000f0a43d10) thrown at [C:\jenkins\workspace\8-2-build-windows-amd64-cygwin\jdk8u271\605\hotspot\src\share\vm\classfile\systemDictionary.cp
Event: 3.851 Thread 0x00000261c94ce800 Exception <a 'java/lang/ClassNotFoundException': org/springframework/beans/factory/AwareCustomizer> (0x00000000f0a4eee8) thrown at [C:\jenkins\workspace\8-2-build-windows-amd64-cygwin\jdk8u271\605\hotspot\src\share\vm\classfile\systemDictionary.cpp, line 
Event: 3.851 Thread 0x00000261c94ce800 Exception <a 'java/lang/ClassNotFoundException': org/springframework/beans/factory/BeanClassLoaderAwareCustomizer> (0x00000000f0a5ae40) thrown at [C:\jenkins\workspace\8-2-build-windows-amd64-cygwin\jdk8u271\605\hotspot\src\share\vm\classfile\systemDictio
Event: 3.852 Thread 0x00000261c94ce800 Exception <a 'java/lang/ClassNotFoundException': org/springframework/beans/factory/AwareCustomizer> (0x00000000f0a663e8) thrown at [C:\jenkins\workspace\8-2-build-windows-amd64-cygwin\jdk8u271\605\hotspot\src\share\vm\classfile\systemDictionary.cpp, line 
Event: 3.852 Thread 0x00000261c94ce800 Exception <a 'java/lang/ClassNotFoundException': org/springframework/context/EnvironmentAwareCustomizer> (0x00000000f0a70e70) thrown at [C:\jenkins\workspace\8-2-build-windows-amd64-cygwin\jdk8u271\605\hotspot\src\share\vm\classfile\systemDictionary.cpp, 
Event: 3.853 Thread 0x00000261c94ce800 Exception <a 'java/lang/ClassNotFoundException': org/springframework/beans/factory/AwareCustomizer> (0x00000000f0a7bfb8) thrown at [C:\jenkins\workspace\8-2-build-windows-amd64-cygwin\jdk8u271\605\hotspot\src\share\vm\classfile\systemDictionary.cpp, line 

Events (10 events):
Event: 27.673 Thread 0x00000261dcc30000 Thread added: 0x00000261dcc30000
Event: 27.673 Thread 0x00000261dde31000 Thread added: 0x00000261dde31000
Event: 27.675 loading class org/springframework/context/support/DefaultLifecycleProcessor
Event: 27.675 loading class org/springframework/context/support/DefaultLifecycleProcessor done
Event: 27.675 loading class java/util/concurrent/ConcurrentHashMap$EntryIterator
Event: 27.676 Thread 0x00000261dcc4b000 Thread exited: 0x00000261dcc4b000
Event: 27.676 loading class java/util/concurrent/ConcurrentHashMap$EntryIterator done
Event: 27.679 Thread 0x00000261dcc30000 Thread exited: 0x00000261dcc30000
Event: 27.681 Thread 0x00000261dde31000 Thread exited: 0x00000261dde31000
Event: 27.681 Executing VM operation: Exit


Dynamic libraries:
0x00007ff6a37e0000 - 0x00007ff6a3827000 	C:\Program Files\Java\jdk1.8.0_271\bin\java.exe
0x00007fffbaad0000 - 0x00007fffbacc5000 	C:\Windows\SYSTEM32\ntdll.dll
0x00007fffba9d0000 - 0x00007fffbaa8d000 	C:\Windows\System32\KERNEL32.DLL
0x00007fffb86d0000 - 0x00007fffb8997000 	C:\Windows\System32\KERNELBASE.dll
0x00007fffb9600000 - 0x00007fffb96aa000 	C:\Windows\System32\ADVAPI32.dll
0x00007fffb8c60000 - 0x00007fffb8cfe000 	C:\Windows\System32\msvcrt.dll
0x00007fffb9c80000 - 0x00007fffb9d1b000 	C:\Windows\System32\sechost.dll
0x00007fffb9d50000 - 0x00007fffb9e74000 	C:\Windows\System32\RPCRT4.dll
0x00007fffb9400000 - 0x00007fffb95a0000 	C:\Windows\System32\USER32.dll
0x00007fffb8b00000 - 0x00007fffb8b22000 	C:\Windows\System32\win32u.dll
0x00007fffb9d20000 - 0x00007fffb9d4a000 	C:\Windows\System32\GDI32.dll
0x00007fffb8490000 - 0x00007fffb8599000 	C:\Windows\System32\gdi32full.dll
0x00007fffb8310000 - 0x00007fffb83ad000 	C:\Windows\System32\msvcp_win.dll
0x00007fffb8210000 - 0x00007fffb8310000 	C:\Windows\System32\ucrtbase.dll
0x00007fffac8c0000 - 0x00007fffacb5b000 	C:\Windows\WinSxS\amd64_microsoft.windows.common-controls_6595b64144ccf1df_6.0.19041.488_none_ca04af081b815d21\COMCTL32.dll
0x00007fffb8d00000 - 0x00007fffb8d30000 	C:\Windows\System32\IMM32.DLL
0x00007fffb5760000 - 0x00007fffb5775000 	C:\Program Files\Java\jdk1.8.0_271\jre\bin\vcruntime140.dll
0x00007fffb2150000 - 0x00007fffb21eb000 	C:\Program Files\Java\jdk1.8.0_271\jre\bin\msvcp140.dll
0x0000000069470000 - 0x0000000069cdf000 	C:\Program Files\Java\jdk1.8.0_271\jre\bin\server\jvm.dll
0x00007fffb9090000 - 0x00007fffb9098000 	C:\Windows\System32\PSAPI.DLL
0x00007fffb0a30000 - 0x00007fffb0a39000 	C:\Windows\SYSTEM32\WSOCK32.dll
0x00007fffb9f20000 - 0x00007fffb9f8b000 	C:\Windows\System32\WS2_32.dll
0x00007fffa7b80000 - 0x00007fffa7ba7000 	C:\Windows\SYSTEM32\WINMM.dll
0x00007fffa9dd0000 - 0x00007fffa9dda000 	C:\Windows\SYSTEM32\VERSION.dll
0x00007fffb6da0000 - 0x00007fffb6db3000 	C:\Windows\SYSTEM32\kernel.appcore.dll
0x00007fffb2760000 - 0x00007fffb2770000 	C:\Program Files\Java\jdk1.8.0_271\jre\bin\verify.dll
0x00007fffb2120000 - 0x00007fffb214b000 	C:\Program Files\Java\jdk1.8.0_271\jre\bin\java.dll
0x00007fffa1960000 - 0x00007fffa1996000 	C:\Program Files\Java\jdk1.8.0_271\jre\bin\jdwp.dll
0x00007fffb20b0000 - 0x00007fffb20b9000 	C:\Program Files\Java\jdk1.8.0_271\jre\bin\npt.dll
0x00007fffb1580000 - 0x00007fffb15b0000 	C:\Program Files\Java\jdk1.8.0_271\jre\bin\instrument.dll
0x00007fffb2100000 - 0x00007fffb2118000 	C:\Program Files\Java\jdk1.8.0_271\jre\bin\zip.dll
0x00007fffba020000 - 0x00007fffba761000 	C:\Windows\System32\SHELL32.dll
0x00007fffb62a0000 - 0x00007fffb6a33000 	C:\Windows\SYSTEM32\windows.storage.dll
0x00007fffb8d30000 - 0x00007fffb9085000 	C:\Windows\System32\combase.dll
0x00007fffb7bb0000 - 0x00007fffb7bdc000 	C:\Windows\SYSTEM32\Wldp.dll
0x00007fffb90a0000 - 0x00007fffb914e000 	C:\Windows\System32\SHCORE.dll
0x00007fffb97a0000 - 0x00007fffb97f5000 	C:\Windows\System32\shlwapi.dll
0x00007fffb8140000 - 0x00007fffb8166000 	C:\Windows\SYSTEM32\profapi.dll
0x00007fffb0fe0000 - 0x00007fffb0fea000 	C:\Program Files\Java\jdk1.8.0_271\jre\bin\dt_socket.dll
0x00007fffb7930000 - 0x00007fffb799a000 	C:\Windows\system32\mswsock.dll
0x00007fffaf6e0000 - 0x00007fffaf6ed000 	C:\Program Files\Java\jdk1.8.0_271\jre\bin\management.dll
0x00007fffaac60000 - 0x00007fffaac7c000 	C:\Program Files\Java\jdk1.8.0_271\jre\bin\net.dll
0x00007fffa4620000 - 0x00007fffa4637000 	C:\Windows\system32\napinsp.dll
0x00007fffa4640000 - 0x00007fffa465b000 	C:\Windows\system32\pnrpnsp.dll
0x00007fffa4660000 - 0x00007fffa4675000 	C:\Windows\system32\wshbth.dll
0x00007fffb3aa0000 - 0x00007fffb3abd000 	C:\Windows\system32\NLAapi.dll
0x00007fffb7620000 - 0x00007fffb765b000 	C:\Windows\SYSTEM32\IPHLPAPI.DLL
0x00007fffb7670000 - 0x00007fffb773b000 	C:\Windows\SYSTEM32\DNSAPI.dll
0x00007fffb9800000 - 0x00007fffb9809000 	C:\Windows\System32\NSI.dll
0x00007fffa42c0000 - 0x00007fffa42d2000 	C:\Windows\System32\winrnr.dll
0x00007fffaecd0000 - 0x00007fffaecda000 	C:\Windows\System32\rasadhlp.dll
0x00007fffaeaf0000 - 0x00007fffaeb6f000 	C:\Windows\System32\fwpuclnt.dll
0x00007fffb83b0000 - 0x00007fffb83d7000 	C:\Windows\System32\bcrypt.dll
0x00007fffaac00000 - 0x00007fffaac13000 	C:\Program Files\Java\jdk1.8.0_271\jre\bin\nio.dll
0x00007fffb7b00000 - 0x00007fffb7b18000 	C:\Windows\SYSTEM32\CRYPTSP.dll
0x00007fffb72c0000 - 0x00007fffb72f4000 	C:\Windows\system32\rsaenh.dll
0x00007fffb80c0000 - 0x00007fffb80ee000 	C:\Windows\SYSTEM32\USERENV.dll
0x00007fffb8650000 - 0x00007fffb86cf000 	C:\Windows\System32\bcryptprimitives.dll
0x00007fffb7b20000 - 0x00007fffb7b2c000 	C:\Windows\SYSTEM32\CRYPTBASE.dll
0x00007fffb06e0000 - 0x00007fffb06f7000 	C:\Windows\SYSTEM32\dhcpcsvc6.DLL
0x00007fffb0680000 - 0x00007fffb069d000 	C:\Windows\SYSTEM32\dhcpcsvc.DLL
0x00007fffb1050000 - 0x00007fffb114b000 	Z:\Desktop\DevicePhoto\src\main\resources\hikvision\HCNetSDK.dll
0x00000261dea50000 - 0x00000261df1e2000 	Z:\Desktop\DevicePhoto\src\main\resources\hikvision\HCCore.dll
0x00007fff9b790000 - 0x00007fff9b951000 	Z:\Desktop\DevicePhoto\src\main\resources\hikvision\libeay32.dll
0x00007fffb0c80000 - 0x00007fffb0cf0000 	Z:\Desktop\DevicePhoto\src\main\resources\hikvision\ssleay32.dll
0x00007fff9a430000 - 0x00007fff9a6f6000 	Z:\Desktop\DevicePhoto\src\main\resources\hikvision\HCNetSDKCom\HCPreview.dll
0x00000261e0d20000 - 0x00000261e102d000 	Z:\Desktop\DevicePhoto\src\main\resources\hikvision\HCNetSDKCom\HCCoreDevCfg.dll
0x00007fffa9e70000 - 0x00007fffaa054000 	C:\Windows\SYSTEM32\dbghelp.dll

VM Arguments:
jvm_args: -agentlib:jdwp=transport=dt_socket,address=127.0.0.1:60287,suspend=y,server=n -javaagent:C:\Users\wangtao\AppData\Local\JetBrains\IntelliJIdea2020.2\captureAgent\debugger-agent.jar -Dfile.encoding=UTF-8 
java_command: com.demo.TestApplication
java_class_path (initial): C:\Program Files\Java\jdk1.8.0_271\jre\lib\charsets.jar;C:\Program Files\Java\jdk1.8.0_271\jre\lib\deploy.jar;C:\Program Files\Java\jdk1.8.0_271\jre\lib\ext\access-bridge-64.jar;C:\Program Files\Java\jdk1.8.0_271\jre\lib\ext\cldrdata.jar;C:\Program Files\Java\jdk1.8.0_271\jre\lib\ext\dnsns.jar;C:\Program Files\Java\jdk1.8.0_271\jre\lib\ext\jaccess.jar;C:\Program Files\Java\jdk1.8.0_271\jre\lib\ext\jfxrt.jar;C:\Program Files\Java\jdk1.8.0_271\jre\lib\ext\localedata.jar;C:\Program Files\Java\jdk1.8.0_271\jre\lib\ext\nashorn.jar;C:\Program Files\Java\jdk1.8.0_271\jre\lib\ext\sunec.jar;C:\Program Files\Java\jdk1.8.0_271\jre\lib\ext\sunjce_provider.jar;C:\Program Files\Java\jdk1.8.0_271\jre\lib\ext\sunmscapi.jar;C:\Program Files\Java\jdk1.8.0_271\jre\lib\ext\sunpkcs11.jar;C:\Program Files\Java\jdk1.8.0_271\jre\lib\ext\zipfs.jar;C:\Program Files\Java\jdk1.8.0_271\jre\lib\javaws.jar;C:\Program Files\Java\jdk1.8.0_271\jre\lib\jce.jar;C:\Program Files\Java\jdk1.8.0_271\jre\lib\jfr.jar;C:\Program Files\Java\jdk1.8.0_271\jre\lib\jfxswt.jar;C:\Program Files\Java\jdk1.8.0_271\jre\lib\jsse.jar;C:\Program Files\Java\jdk1.8.0_271\jre\lib\management-agent.jar;C:\Program Files\Java\jdk1.8.0_271\jre\lib\plugin.jar;C:\Program Files\Java\jdk1.8.0_271\jre\lib\resources.jar;C:\Program Files\Java\jdk1.8.0_271\jre\lib\rt.jar;Z:\Desktop\DevicePhoto\target\classes;Z:\Downloads\CH-HCNetSDKV6.1.4-2.42_build20200527_win64\Demo示例\4- Java 开发示例\1-ClientDemo\ClientDemo-NetBeansPro\examples.jar;Z:\Downloads\CH-HCNetSDKV6.1.4-2.42_build20200527_win64\Demo示例\4- Java 开发示例\1-ClientDemo\ClientDemo-NetBeansPro\jna.jar;C:\Users\wangtao\.m2\repository\org\springframework\boot\spring-boot-starter\2.3.4.RELEASE\spring-boot-starter-2.3.4.RELEASE.jar;C:\Users\wangtao\.m2\repository\org\springframework\boot\spring-boot\2.3.4.RELEASE\spring-boot-2.3.4.RELEASE.jar;C:\Users\wangtao\.m2\repository\org\springframework\spring-context\5.2.9.RELEASE\spring-context-5.2.9.RELEASE.ja
Launcher Type: SUN_STANDARD

Environment Variables:
JAVA_HOME=C:\Program Files\Java\jdk1.8.0_271
CLASSPATH=.;C:\Program Files\Java\jdk1.8.0_271\lib\dt.jar;C:\Program Files\Java\jdk1.8.0_271\lib\tools.jar;
PATH=C:\Program Files (x86)\Common Files\Oracle\Java\javapath;C:\Program Files (x86)\Parallels\Parallels Tools\Applications;C:\Windows\system32;C:\Windows;C:\Windows\System32\Wbem;C:\Windows\System32\WindowsPowerShell\v1.0\;C:\Windows\System32\OpenSSH\;"C:\Program Files\Java\jdk1.8.0_271\bin;C:\Program Files\Java\jdk1.8.0_271\jre\bin";C:\Program Files\Java\apache-maven-3.6.3\bin;C:\Users\wangtao\AppData\Local\Microsoft\WindowsApps;
USERNAME=wangtao
OS=Windows_NT
PROCESSOR_IDENTIFIER=Intel64 Family 6 Model 142 Stepping 10, GenuineIntel



---------------  S Y S T E M  ---------------

OS: Windows 10.0 , 64 bit Build 19041 (10.0.19041.292)

CPU:total 2 (initial active 2) (2 cores per cpu, 1 threads per core) family 6 model 142 stepping 10, cmov, cx8, fxsr, mmx, sse, sse2, sse3, ssse3, sse4.1, sse4.2, popcnt, avx, avx2, aes, clmul, erms, 3dnowpref, lzcnt, tsc, bmi1, bmi2, adx

Memory: 4k page, physical 3122516k(284048k free), swap 7506400k(1575964k free)

vm_info: Java HotSpot(TM) 64-Bit Server VM (25.271-b09) for windows-amd64 JRE (1.8.0_271-b09), built on Sep 16 2020 19:14:59 by "" with MS VC++ 15.9 (VS2017)

time: Wed Nov 25 16:02:17 2020
timezone: 俄罗斯 TZ 7 标准时间
elapsed time: 27.841221 seconds (0d 0h 0m 27s)

